
> story-console@0.1.0 start /Users/lengjun/mycode/story/story-console
> react-app-rewired start

Browserslist: caniuse-lite is outdated. Please run next command `yarn upgrade caniuse-lite browserslist`
[HPM] Proxy created: /hub  ->  http://127.0.0.1:7002
[HPM] Proxy rewrite rule created: "^/hub" ~> "/"
Starting the development server...

=============

WARNING: You are currently running a version of TypeScript which is not officially supported by typescript-estree.

You may find that it works just fine, or you may not.

SUPPORTED TYPESCRIPT VERSIONS: >=3.2.1 <3.5.0

YOUR TYPESCRIPT VERSION: 3.5.3

Please only submit bug reports when using the officially supported version.

=============
Compiled with warnings.

./src/view/articleList/index.tsx
  Line 3:  'List' is defined but never used                 @typescript-eslint/no-unused-vars
  Line 3:  'message' is defined but never used              @typescript-eslint/no-unused-vars
  Line 7:  'loading' is assigned a value but never used     @typescript-eslint/no-unused-vars
  Line 7:  'setLoading' is assigned a value but never used  @typescript-eslint/no-unused-vars
  Line 8:  'hasMore' is assigned a value but never used     @typescript-eslint/no-unused-vars
  Line 8:  'setHasMore' is assigned a value but never used  @typescript-eslint/no-unused-vars
  Line 9:  'data' is assigned a value but never used        @typescript-eslint/no-unused-vars
  Line 9:  'setData' is assigned a value but never used     @typescript-eslint/no-unused-vars

Search for the keywords to learn more about each warning.
To ignore, add // eslint-disable-next-line to the line before.


> story-console@0.1.0 start /Users/lengjun/mycode/story/story-console
> react-app-rewired start

Something is already running on port 3000.

> story-console@0.1.0 start /Users/lengjun/mycode/story/story-console
> react-app-rewired start

Something is already running on port 3000.

> story-console@0.1.0 start /Users/lengjun/mycode/story/story-console
> react-app-rewired start

Something is already running on port 3000.

> story-console@0.1.0 start /Users/lengjun/mycode/story/story-console
> react-app-rewired start

Something is already running on port 3000.

> story-console@0.1.0 start /Users/lengjun/mycode/story/story-console
> react-app-rewired start

Something is already running on port 3000.

> story-console@0.1.0 start /Users/lengjun/mycode/story/story-console
> react-app-rewired start

Something is already running on port 3000.

> story-console@0.1.0 start /Users/lengjun/mycode/story/story-console
> react-app-rewired start

Something is already running on port 3000.

> story-console@0.1.0 start /Users/lengjun/mycode/story/story-console
> react-app-rewired start

Something is already running on port 3000.

> story-console@0.1.0 start /Users/lengjun/mycode/story/story-console
> react-app-rewired start

Something is already running on port 3000.

> story-console@0.1.0 start /Users/lengjun/mycode/story/story-console
> react-app-rewired start

Something is already running on port 3000.

> story-console@0.1.0 start /Users/lengjun/mycode/story/story-console
> react-app-rewired start

Something is already running on port 3000.

> story-console@0.1.0 start /Users/lengjun/mycode/story/story-console
> react-app-rewired start

Something is already running on port 3000.
